Flow report for projectOne
Thu Oct 08 19:56:17 2020
Quartus Prime Version 20.1.0 Build 711 06/05/2020 SJ Standard Edition


---------------------
; Table of Contents ;
---------------------
  1. Legal Notice
  2. Flow Summary
  3. Flow Settings
  4. Flow Non-Default Global Settings
  5. Flow Elapsed Time
  6. Flow OS Summary
  7. Flow Log
  8. Flow Messages
  9. Flow Suppressed Messages



----------------
; Legal Notice ;
----------------
Copyright (C) 2020  Intel Corporation. All rights reserved.
Your use of Intel Corporation's design tools, logic functions 
and other software and tools, and any partner logic 
functions, and any output files from any of the foregoing 
(including device programming or simulation files), and any 
associated documentation or information are expressly subject 
to the terms and conditions of the Intel Program License 
Subscription Agreement, the Intel Quartus Prime License Agreement,
the Intel FPGA IP License Agreement, or other applicable license
agreement, including, without limitation, that your use is for
the sole purpose of programming logic devices manufactured by
Intel and sold by Intel or its authorized distributors.  Please
refer to the applicable agreement for further details, at
https://fpgasoftware.intel.com/eula.



+-----------------------------------------------------------------------------------+
; Flow Summary                                                                      ;
+---------------------------------+-------------------------------------------------+
; Flow Status                     ; Successful - Thu Oct 08 19:56:17 2020           ;
; Quartus Prime Version           ; 20.1.0 Build 711 06/05/2020 SJ Standard Edition ;
; Revision Name                   ; projectOne                                      ;
; Top-level Entity Name           ; projectOne                                      ;
; Family                          ; Cyclone V                                       ;
; Device                          ; 5CSXFC6D6F31C6                                  ;
; Timing Models                   ; Final                                           ;
; Logic utilization (in ALMs)     ; 320 / 41,910 ( < 1 % )                          ;
; Total registers                 ; 521                                             ;
; Total pins                      ; 168 / 499 ( 34 % )                              ;
; Total virtual pins              ; 0                                               ;
; Total block memory bits         ; 384 / 5,662,720 ( < 1 % )                       ;
; Total PLLs                      ; 1 / 15 ( 7 % )                                  ;
; Total DLLs                      ; 0 / 4 ( 0 % )                                   ;
; Total DSP Blocks                ; 0 / 112 ( 0 % )                                 ;
; Total HSSI RX PCSs              ; 0 / 9 ( 0 % )                                   ;
; Total HSSI PMA RX Deserializers ; 0 / 9 ( 0 % )                                   ;
; Total HSSI TX PCSs              ; 0 / 9 ( 0 % )                                   ;
; Total HSSI PMA TX Serializers   ; 0 / 9 ( 0 % )                                   ;
+---------------------------------+-------------------------------------------------+


+-----------------------------------------+
; Flow Settings                           ;
+-------------------+---------------------+
; Option            ; Setting             ;
+-------------------+---------------------+
; Start date & time ; 10/07/2020 18:14:25 ;
; Main task         ; Compilation         ;
; Revision Name     ; projectOne          ;
+-------------------+---------------------+


+-----------------------------------------------------------------------------------------------------------------------------+
; Flow Non-Default Global Settings                                                                                            ;
+-------------------------------------+----------------------------------------+---------------+-------------+----------------+
; Assignment Name                     ; Value                                  ; Default Value ; Entity Name ; Section Id     ;
+-------------------------------------+----------------------------------------+---------------+-------------+----------------+
; COMPILER_SIGNATURE_ID               ; 963354558519.160211606421604           ; --            ; --          ; --             ;
; EDA_OUTPUT_DATA_FORMAT              ; Verilog Hdl                            ; --            ; --          ; eda_simulation ;
; EDA_SIMULATION_TOOL                 ; ModelSim-Altera (Verilog)              ; <None>        ; --          ; --             ;
; MISC_FILE                           ; video_pll.cmp                          ; --            ; --          ; --             ;
; MISC_FILE                           ; video_pll_sim/video_pll.vo             ; --            ; --          ; --             ;
; PARTITION_COLOR                     ; -- (Not supported for targeted family) ; --            ; --          ; Top            ;
; PARTITION_FITTER_PRESERVATION_LEVEL ; -- (Not supported for targeted family) ; --            ; --          ; Top            ;
; PARTITION_NETLIST_TYPE              ; -- (Not supported for targeted family) ; --            ; --          ; Top            ;
; SPD_FILE                            ; video_pll.spd                          ; --            ; --          ; --             ;
; SYNTHESIS_ONLY_QIP                  ; On                                     ; --            ; --          ; --             ;
+-------------------------------------+----------------------------------------+---------------+-------------+----------------+


+--------------------------------------------------------------------------------------------------------------------------+
; Flow Elapsed Time                                                                                                        ;
+----------------------+--------------+-------------------------+---------------------+------------------------------------+
; Module Name          ; Elapsed Time ; Average Processors Used ; Peak Virtual Memory ; Total CPU Time (on all processors) ;
+----------------------+--------------+-------------------------+---------------------+------------------------------------+
; Analysis & Synthesis ; 00:00:14     ; 1.0                     ; 4828 MB             ; 00:00:34                           ;
; Fitter               ; 00:01:01     ; 1.0                     ; 6705 MB             ; 00:01:47                           ;
; Assembler            ; 00:00:11     ; 1.0                     ; 4840 MB             ; 00:00:11                           ;
; Timing Analyzer      ; 00:00:14     ; 1.1                     ; 5173 MB             ; 00:00:14                           ;
; EDA Netlist Writer   ; 00:00:03     ; 1.0                     ; 4857 MB             ; 00:00:03                           ;
; Analysis & Synthesis ; 00:00:13     ; 1.0                     ; 4769 MB             ; 00:00:33                           ;
; Partition Merge      ; 00:00:03     ; 1.0                     ; 4900 MB             ; 00:00:03                           ;
; Fitter               ; 00:00:49     ; 1.0                     ; 6792 MB             ; 00:01:15                           ;
; Assembler            ; 00:00:10     ; 1.0                     ; 4842 MB             ; 00:00:10                           ;
; Timing Analyzer      ; 00:00:17     ; 1.1                     ; 5173 MB             ; 00:00:17                           ;
; EDA Netlist Writer   ; 00:00:03     ; 1.0                     ; 4857 MB             ; 00:00:03                           ;
; Analysis & Synthesis ; 00:00:43     ; 1.0                     ; 4918 MB             ; 00:01:20                           ;
; Partition Merge      ; 00:00:05     ; 1.0                     ; 4915 MB             ; 00:00:04                           ;
; Fitter               ; 00:01:29     ; 1.0                     ; 6575 MB             ; 00:02:08                           ;
; Assembler            ; 00:00:12     ; 1.0                     ; 4843 MB             ; 00:00:12                           ;
; Timing Analyzer      ; 00:00:29     ; 1.2                     ; 5219 MB             ; 00:00:32                           ;
; EDA Netlist Writer   ; 00:00:06     ; 1.0                     ; 4869 MB             ; 00:00:06                           ;
; Analysis & Synthesis ; 00:00:48     ; 1.2                     ; 4915 MB             ; 00:01:39                           ;
; Partition Merge      ; 00:00:02     ; 1.0                     ; 4768 MB             ; 00:00:02                           ;
; Fitter               ; 00:01:30     ; 1.1                     ; 6788 MB             ; 00:02:49                           ;
; Assembler            ; 00:00:13     ; 1.0                     ; 4850 MB             ; 00:00:13                           ;
; Timing Analyzer      ; 00:00:18     ; 1.2                     ; 5214 MB             ; 00:00:20                           ;
; EDA Netlist Writer   ; 00:00:07     ; 1.0                     ; 4871 MB             ; 00:00:07                           ;
; Analysis & Synthesis ; 00:00:41     ; 1.1                     ; 4914 MB             ; 00:01:22                           ;
; Partition Merge      ; 00:00:05     ; 1.0                     ; 4939 MB             ; 00:00:05                           ;
; Fitter               ; 00:01:04     ; 1.0                     ; 6660 MB             ; 00:01:40                           ;
; Assembler            ; 00:00:12     ; 1.0                     ; 4851 MB             ; 00:00:11                           ;
; Timing Analyzer      ; 00:00:21     ; 1.3                     ; 5215 MB             ; 00:00:25                           ;
; EDA Netlist Writer   ; 00:00:05     ; 1.0                     ; 4870 MB             ; 00:00:06                           ;
; Analysis & Synthesis ; 00:00:46     ; 1.1                     ; 4914 MB             ; 00:01:29                           ;
; Partition Merge      ; 00:00:05     ; 1.0                     ; 4940 MB             ; 00:00:05                           ;
; Fitter               ; 00:01:08     ; 1.0                     ; 6656 MB             ; 00:01:44                           ;
; Assembler            ; 00:00:16     ; 1.0                     ; 4847 MB             ; 00:00:15                           ;
; Timing Analyzer      ; 00:00:28     ; 1.3                     ; 5215 MB             ; 00:00:31                           ;
; EDA Netlist Writer   ; 00:00:09     ; 1.0                     ; 4869 MB             ; 00:00:09                           ;
; Analysis & Synthesis ; 00:00:53     ; 1.0                     ; 4912 MB             ; 00:01:42                           ;
; Partition Merge      ; 00:00:04     ; 1.0                     ; 4905 MB             ; 00:00:03                           ;
; Fitter               ; 00:01:43     ; 1.1                     ; 6836 MB             ; 00:02:54                           ;
; Assembler            ; 00:00:15     ; 1.0                     ; 4854 MB             ; 00:00:14                           ;
; Timing Analyzer      ; 00:00:22     ; 1.2                     ; 5213 MB             ; 00:00:23                           ;
; EDA Netlist Writer   ; 00:00:08     ; 1.0                     ; 4870 MB             ; 00:00:07                           ;
; Analysis & Synthesis ; 00:00:50     ; 1.3                     ; 4915 MB             ; 00:01:39                           ;
; Partition Merge      ; 00:00:02     ; 1.0                     ; 4770 MB             ; 00:00:02                           ;
; Fitter               ; 00:01:42     ; 1.1                     ; 6760 MB             ; 00:02:56                           ;
; Assembler            ; 00:00:14     ; 1.0                     ; 4854 MB             ; 00:00:14                           ;
; Timing Analyzer      ; 00:00:18     ; 1.2                     ; 5214 MB             ; 00:00:19                           ;
; EDA Netlist Writer   ; 00:00:07     ; 1.0                     ; 4837 MB             ; 00:00:06                           ;
; Analysis & Synthesis ; 00:00:40     ; 1.0                     ; 4917 MB             ; 00:01:17                           ;
; Partition Merge      ; 00:00:02     ; 1.0                     ; 4770 MB             ; 00:00:02                           ;
; Fitter               ; 00:01:30     ; 1.1                     ; 6771 MB             ; 00:02:37                           ;
; Assembler            ; 00:00:13     ; 1.0                     ; 4850 MB             ; 00:00:13                           ;
; Timing Analyzer      ; 00:00:24     ; 1.2                     ; 5216 MB             ; 00:00:23                           ;
; EDA Netlist Writer   ; 00:00:08     ; 1.0                     ; 4837 MB             ; 00:00:07                           ;
; Analysis & Synthesis ; 00:00:41     ; 1.0                     ; 4911 MB             ; 00:01:20                           ;
; Partition Merge      ; 00:00:04     ; 1.0                     ; 4905 MB             ; 00:00:04                           ;
; Fitter               ; 00:01:32     ; 1.1                     ; 6834 MB             ; 00:02:43                           ;
; Assembler            ; 00:00:13     ; 1.0                     ; 4847 MB             ; 00:00:13                           ;
; Timing Analyzer      ; 00:00:20     ; 1.2                     ; 5219 MB             ; 00:00:21                           ;
; EDA Netlist Writer   ; 00:00:06     ; 1.0                     ; 4838 MB             ; 00:00:06                           ;
; Analysis & Synthesis ; 00:00:34     ; 1.0                     ; 4908 MB             ; 00:00:41                           ;
; Partition Merge      ; 00:00:07     ; 1.0                     ; 4907 MB             ; 00:00:02                           ;
; Fitter               ; 00:02:12     ; 1.0                     ; 6489 MB             ; 00:03:09                           ;
; Assembler            ; 00:00:13     ; 1.0                     ; 4849 MB             ; 00:00:09                           ;
; Timing Analyzer      ; 00:00:13     ; 1.1                     ; 5195 MB             ; 00:00:13                           ;
; EDA Netlist Writer   ; 00:00:04     ; 1.0                     ; 4837 MB             ; 00:00:04                           ;
; Total                ; 00:30:34     ; --                      ; --                  ; 00:47:07                           ;
+----------------------+--------------+-------------------------+---------------------+------------------------------------+


+------------------------------------------------------------------------------------+
; Flow OS Summary                                                                    ;
+----------------------+------------------+------------+------------+----------------+
; Module Name          ; Machine Hostname ; OS Name    ; OS Version ; Processor type ;
+----------------------+------------------+------------+------------+----------------+
; Analysis & Synthesis ; DESKTOP-M7DI2RK  ; Windows 10 ; 10.0       ; x86_64         ;
; Fitter               ; DESKTOP-M7DI2RK  ; Windows 10 ; 10.0       ; x86_64         ;
; Assembler            ; DESKTOP-M7DI2RK  ; Windows 10 ; 10.0       ; x86_64         ;
; Timing Analyzer      ; DESKTOP-M7DI2RK  ; Windows 10 ; 10.0       ; x86_64         ;
; EDA Netlist Writer   ; DESKTOP-M7DI2RK  ; Windows 10 ; 10.0       ; x86_64         ;
; Analysis & Synthesis ; DESKTOP-M7DI2RK  ; Windows 10 ; 10.0       ; x86_64         ;
; Partition Merge      ; DESKTOP-M7DI2RK  ; Windows 10 ; 10.0       ; x86_64         ;
; Fitter               ; DESKTOP-M7DI2RK  ; Windows 10 ; 10.0       ; x86_64         ;
; Assembler            ; DESKTOP-M7DI2RK  ; Windows 10 ; 10.0       ; x86_64         ;
; Timing Analyzer      ; DESKTOP-M7DI2RK  ; Windows 10 ; 10.0       ; x86_64         ;
; EDA Netlist Writer   ; DESKTOP-M7DI2RK  ; Windows 10 ; 10.0       ; x86_64         ;
; Analysis & Synthesis ; DESKTOP-M7DI2RK  ; Windows 10 ; 10.0       ; x86_64         ;
; Partition Merge      ; DESKTOP-M7DI2RK  ; Windows 10 ; 10.0       ; x86_64         ;
; Fitter               ; DESKTOP-M7DI2RK  ; Windows 10 ; 10.0       ; x86_64         ;
; Assembler            ; DESKTOP-M7DI2RK  ; Windows 10 ; 10.0       ; x86_64         ;
; Timing Analyzer      ; DESKTOP-M7DI2RK  ; Windows 10 ; 10.0       ; x86_64         ;
; EDA Netlist Writer   ; DESKTOP-M7DI2RK  ; Windows 10 ; 10.0       ; x86_64         ;
; Analysis & Synthesis ; DESKTOP-M7DI2RK  ; Windows 10 ; 10.0       ; x86_64         ;
; Partition Merge      ; DESKTOP-M7DI2RK  ; Windows 10 ; 10.0       ; x86_64         ;
; Fitter               ; DESKTOP-M7DI2RK  ; Windows 10 ; 10.0       ; x86_64         ;
; Assembler            ; DESKTOP-M7DI2RK  ; Windows 10 ; 10.0       ; x86_64         ;
; Timing Analyzer      ; DESKTOP-M7DI2RK  ; Windows 10 ; 10.0       ; x86_64         ;
; EDA Netlist Writer   ; DESKTOP-M7DI2RK  ; Windows 10 ; 10.0       ; x86_64         ;
; Analysis & Synthesis ; DESKTOP-M7DI2RK  ; Windows 10 ; 10.0       ; x86_64         ;
; Partition Merge      ; DESKTOP-M7DI2RK  ; Windows 10 ; 10.0       ; x86_64         ;
; Fitter               ; DESKTOP-M7DI2RK  ; Windows 10 ; 10.0       ; x86_64         ;
; Assembler            ; DESKTOP-M7DI2RK  ; Windows 10 ; 10.0       ; x86_64         ;
; Timing Analyzer      ; DESKTOP-M7DI2RK  ; Windows 10 ; 10.0       ; x86_64         ;
; EDA Netlist Writer   ; DESKTOP-M7DI2RK  ; Windows 10 ; 10.0       ; x86_64         ;
; Analysis & Synthesis ; DESKTOP-M7DI2RK  ; Windows 10 ; 10.0       ; x86_64         ;
; Partition Merge      ; DESKTOP-M7DI2RK  ; Windows 10 ; 10.0       ; x86_64         ;
; Fitter               ; DESKTOP-M7DI2RK  ; Windows 10 ; 10.0       ; x86_64         ;
; Assembler            ; DESKTOP-M7DI2RK  ; Windows 10 ; 10.0       ; x86_64         ;
; Timing Analyzer      ; DESKTOP-M7DI2RK  ; Windows 10 ; 10.0       ; x86_64         ;
; EDA Netlist Writer   ; DESKTOP-M7DI2RK  ; Windows 10 ; 10.0       ; x86_64         ;
; Analysis & Synthesis ; DESKTOP-M7DI2RK  ; Windows 10 ; 10.0       ; x86_64         ;
; Partition Merge      ; DESKTOP-M7DI2RK  ; Windows 10 ; 10.0       ; x86_64         ;
; Fitter               ; DESKTOP-M7DI2RK  ; Windows 10 ; 10.0       ; x86_64         ;
; Assembler            ; DESKTOP-M7DI2RK  ; Windows 10 ; 10.0       ; x86_64         ;
; Timing Analyzer      ; DESKTOP-M7DI2RK  ; Windows 10 ; 10.0       ; x86_64         ;
; EDA Netlist Writer   ; DESKTOP-M7DI2RK  ; Windows 10 ; 10.0       ; x86_64         ;
; Analysis & Synthesis ; DESKTOP-M7DI2RK  ; Windows 10 ; 10.0       ; x86_64         ;
; Partition Merge      ; DESKTOP-M7DI2RK  ; Windows 10 ; 10.0       ; x86_64         ;
; Fitter               ; DESKTOP-M7DI2RK  ; Windows 10 ; 10.0       ; x86_64         ;
; Assembler            ; DESKTOP-M7DI2RK  ; Windows 10 ; 10.0       ; x86_64         ;
; Timing Analyzer      ; DESKTOP-M7DI2RK  ; Windows 10 ; 10.0       ; x86_64         ;
; EDA Netlist Writer   ; DESKTOP-M7DI2RK  ; Windows 10 ; 10.0       ; x86_64         ;
; Analysis & Synthesis ; DESKTOP-M7DI2RK  ; Windows 10 ; 10.0       ; x86_64         ;
; Partition Merge      ; DESKTOP-M7DI2RK  ; Windows 10 ; 10.0       ; x86_64         ;
; Fitter               ; DESKTOP-M7DI2RK  ; Windows 10 ; 10.0       ; x86_64         ;
; Assembler            ; DESKTOP-M7DI2RK  ; Windows 10 ; 10.0       ; x86_64         ;
; Timing Analyzer      ; DESKTOP-M7DI2RK  ; Windows 10 ; 10.0       ; x86_64         ;
; EDA Netlist Writer   ; DESKTOP-M7DI2RK  ; Windows 10 ; 10.0       ; x86_64         ;
; Analysis & Synthesis ; DESKTOP-M7DI2RK  ; Windows 10 ; 10.0       ; x86_64         ;
; Partition Merge      ; DESKTOP-M7DI2RK  ; Windows 10 ; 10.0       ; x86_64         ;
; Fitter               ; DESKTOP-M7DI2RK  ; Windows 10 ; 10.0       ; x86_64         ;
; Assembler            ; DESKTOP-M7DI2RK  ; Windows 10 ; 10.0       ; x86_64         ;
; Timing Analyzer      ; DESKTOP-M7DI2RK  ; Windows 10 ; 10.0       ; x86_64         ;
; EDA Netlist Writer   ; DESKTOP-M7DI2RK  ; Windows 10 ; 10.0       ; x86_64         ;
; Analysis & Synthesis ; DAVIDWADEIV8A93  ; Windows 10 ; 10.0       ; x86_64         ;
; Partition Merge      ; DAVIDWADEIV8A93  ; Windows 10 ; 10.0       ; x86_64         ;
; Fitter               ; DAVIDWADEIV8A93  ; Windows 10 ; 10.0       ; x86_64         ;
; Assembler            ; DAVIDWADEIV8A93  ; Windows 10 ; 10.0       ; x86_64         ;
; Timing Analyzer      ; DAVIDWADEIV8A93  ; Windows 10 ; 10.0       ; x86_64         ;
; EDA Netlist Writer   ; DAVIDWADEIV8A93  ; Windows 10 ; 10.0       ; x86_64         ;
+----------------------+------------------+------------+------------+----------------+


------------
; Flow Log ;
------------
quartus_map --read_settings_files=on --write_settings_files=off projectOne -c projectOne
quartus_fit --read_settings_files=off --write_settings_files=off projectOne -c projectOne
quartus_asm --read_settings_files=off --write_settings_files=off projectOne -c projectOne
quartus_sta projectOne -c projectOne
quartus_eda --read_settings_files=off --write_settings_files=off projectOne -c projectOne
quartus_map --read_settings_files=on --write_settings_files=off projectOne -c projectOne
quartus_cdb --read_settings_files=off --write_settings_files=off projectOne -c projectOne --merge=on
quartus_fit --read_settings_files=off --write_settings_files=off projectOne -c projectOne
quartus_asm --read_settings_files=off --write_settings_files=off projectOne -c projectOne
quartus_sta projectOne -c projectOne
quartus_eda --read_settings_files=off --write_settings_files=off projectOne -c projectOne
quartus_map --read_settings_files=on --write_settings_files=off projectOne -c projectOne --recompile=on
quartus_cdb --read_settings_files=on --write_settings_files=off projectOne -c projectOne --merge=on --recompile=on
quartus_fit --read_settings_files=off --write_settings_files=off projectOne -c projectOne --recompile=on
quartus_asm --read_settings_files=off --write_settings_files=off projectOne -c projectOne
quartus_sta projectOne -c projectOne
quartus_eda --read_settings_files=off --write_settings_files=off projectOne -c projectOne
quartus_map --read_settings_files=on --write_settings_files=off projectOne -c projectOne
quartus_cdb --read_settings_files=off --write_settings_files=off projectOne -c projectOne --merge=on
quartus_fit --read_settings_files=off --write_settings_files=off projectOne -c projectOne
quartus_asm --read_settings_files=off --write_settings_files=off projectOne -c projectOne
quartus_sta projectOne -c projectOne
quartus_eda --read_settings_files=off --write_settings_files=off projectOne -c projectOne
quartus_map --read_settings_files=on --write_settings_files=off projectOne -c projectOne --recompile=on
quartus_cdb --read_settings_files=on --write_settings_files=off projectOne -c projectOne --merge=on --recompile=on
quartus_fit --read_settings_files=off --write_settings_files=off projectOne -c projectOne --recompile=on
quartus_asm --read_settings_files=off --write_settings_files=off projectOne -c projectOne
quartus_sta projectOne -c projectOne
quartus_eda --read_settings_files=off --write_settings_files=off projectOne -c projectOne
quartus_map --read_settings_files=on --write_settings_files=off projectOne -c projectOne --recompile=on
quartus_cdb --read_settings_files=on --write_settings_files=off projectOne -c projectOne --merge=on --recompile=on
quartus_fit --read_settings_files=off --write_settings_files=off projectOne -c projectOne --recompile=on
quartus_asm --read_settings_files=off --write_settings_files=off projectOne -c projectOne
quartus_sta projectOne -c projectOne
quartus_eda --read_settings_files=off --write_settings_files=off projectOne -c projectOne
quartus_map --read_settings_files=on --write_settings_files=off projectOne -c projectOne
quartus_cdb --read_settings_files=off --write_settings_files=off projectOne -c projectOne --merge=on
quartus_fit --read_settings_files=off --write_settings_files=off projectOne -c projectOne
quartus_asm --read_settings_files=off --write_settings_files=off projectOne -c projectOne
quartus_sta projectOne -c projectOne
quartus_eda --read_settings_files=off --write_settings_files=off projectOne -c projectOne
quartus_map --read_settings_files=on --write_settings_files=off projectOne -c projectOne
quartus_cdb --read_settings_files=off --write_settings_files=off projectOne -c projectOne --merge=on
quartus_fit --read_settings_files=off --write_settings_files=off projectOne -c projectOne
quartus_asm --read_settings_files=off --write_settings_files=off projectOne -c projectOne
quartus_sta projectOne -c projectOne
quartus_eda --read_settings_files=off --write_settings_files=off projectOne -c projectOne
quartus_sh --archive -revision projectOne -output D:/CU_Fall_2020/FPGA/Project1/combinedVersion/projectOne.qar projectOne
quartus_map --read_settings_files=on --write_settings_files=off projectOne -c projectOne
quartus_cdb --read_settings_files=off --write_settings_files=off projectOne -c projectOne --merge=on
quartus_fit --read_settings_files=off --write_settings_files=off projectOne -c projectOne
quartus_asm --read_settings_files=off --write_settings_files=off projectOne -c projectOne
quartus_sta projectOne -c projectOne
quartus_eda --read_settings_files=off --write_settings_files=off projectOne -c projectOne
quartus_map --read_settings_files=on --write_settings_files=off projectOne -c projectOne
quartus_cdb --read_settings_files=off --write_settings_files=off projectOne -c projectOne --merge=on
quartus_fit --read_settings_files=off --write_settings_files=off projectOne -c projectOne
quartus_asm --read_settings_files=off --write_settings_files=off projectOne -c projectOne
quartus_sta projectOne -c projectOne
quartus_eda --read_settings_files=off --write_settings_files=off projectOne -c projectOne
quartus_map --read_settings_files=on --write_settings_files=off projectOne -c projectOne
quartus_cdb --read_settings_files=off --write_settings_files=off projectOne -c projectOne --merge=on
quartus_fit --read_settings_files=off --write_settings_files=off projectOne -c projectOne
quartus_asm --read_settings_files=off --write_settings_files=off projectOne -c projectOne
quartus_sta projectOne -c projectOne
quartus_eda --read_settings_files=off --write_settings_files=off projectOne -c projectOne



